0 info it worked if it ends with ok
1 verbose cli [ '/usr/local/bin/node',
1 verbose cli   '/usr/local/bin/npm',
1 verbose cli   'install',
1 verbose cli   'beefy',
1 verbose cli   'browserify',
1 verbose cli   '-g' ]
2 info using npm@2.14.7
3 info using node@v4.2.1
4 verbose install initial load of /usr/local/lib/package.json
5 verbose readDependencies loading dependencies from /usr/local/lib/package.json
6 silly cache add args [ 'beefy', null ]
7 verbose cache add spec beefy
8 silly cache add args [ 'browserify', null ]
9 verbose cache add spec browserify
10 silly cache add parsed spec Result {
10 silly cache add   raw: 'beefy',
10 silly cache add   scope: null,
10 silly cache add   name: 'beefy',
10 silly cache add   rawSpec: '',
10 silly cache add   spec: '*',
10 silly cache add   type: 'range' }
11 silly addNamed beefy@*
12 verbose addNamed "*" is a valid semver range for beefy
13 silly addNameRange { name: 'beefy', range: '*', hasData: false }
14 silly mapToRegistry name beefy
15 silly mapToRegistry using default registry
16 silly mapToRegistry registry https://registry.npmjs.org/
17 silly mapToRegistry uri https://registry.npmjs.org/beefy
18 verbose addNameRange registry:https://registry.npmjs.org/beefy not in flight; fetching
19 silly cache add parsed spec Result {
19 silly cache add   raw: 'browserify',
19 silly cache add   scope: null,
19 silly cache add   name: 'browserify',
19 silly cache add   rawSpec: '',
19 silly cache add   spec: '*',
19 silly cache add   type: 'range' }
20 silly addNamed browserify@*
21 verbose addNamed "*" is a valid semver range for browserify
22 silly addNameRange { name: 'browserify', range: '*', hasData: false }
23 silly mapToRegistry name browserify
24 silly mapToRegistry using default registry
25 silly mapToRegistry registry https://registry.npmjs.org/
26 silly mapToRegistry uri https://registry.npmjs.org/browserify
27 verbose addNameRange registry:https://registry.npmjs.org/browserify not in flight; fetching
28 verbose request uri https://registry.npmjs.org/beefy
29 verbose request no auth needed
30 info attempt registry request try #1 at 10:29:51 AM
31 verbose request id ad638e42b8b9318d
32 verbose etag "D8BO8G1N3B2S1V1ZL9CCD734B"
33 http request GET https://registry.npmjs.org/beefy
34 verbose request uri https://registry.npmjs.org/browserify
35 verbose request no auth needed
36 info attempt registry request try #1 at 10:29:51 AM
37 verbose etag "8N53VC5FNZVRBAJ5DKV113AZU"
38 http request GET https://registry.npmjs.org/browserify
39 http 304 https://registry.npmjs.org/browserify
40 verbose headers { date: 'Wed, 13 Jan 2016 15:29:51 GMT',
40 verbose headers   via: '1.1 varnish',
40 verbose headers   'cache-control': 'max-age=300',
40 verbose headers   etag: '"8N53VC5FNZVRBAJ5DKV113AZU"',
40 verbose headers   age: '89',
40 verbose headers   connection: 'keep-alive',
40 verbose headers   'x-served-by': 'cache-iad2145-IAD',
40 verbose headers   'x-cache': 'HIT',
40 verbose headers   'x-cache-hits': '2',
40 verbose headers   'x-timer': 'S1452698991.124313,VS0,VE0',
40 verbose headers   vary: 'Accept' }
41 silly get cb [ 304,
41 silly get   { date: 'Wed, 13 Jan 2016 15:29:51 GMT',
41 silly get     via: '1.1 varnish',
41 silly get     'cache-control': 'max-age=300',
41 silly get     etag: '"8N53VC5FNZVRBAJ5DKV113AZU"',
41 silly get     age: '89',
41 silly get     connection: 'keep-alive',
41 silly get     'x-served-by': 'cache-iad2145-IAD',
41 silly get     'x-cache': 'HIT',
41 silly get     'x-cache-hits': '2',
41 silly get     'x-timer': 'S1452698991.124313,VS0,VE0',
41 silly get     vary: 'Accept' } ]
42 verbose etag https://registry.npmjs.org/browserify from cache
43 verbose get saving browserify to /Users/james/.npm/registry.npmjs.org/browserify/.cache.json
44 silly addNameRange number 2 { name: 'browserify', range: '*', hasData: true }
45 silly addNameRange versions [ 'browserify',
45 silly addNameRange   [ '0.0.1',
45 silly addNameRange     '0.0.2',
45 silly addNameRange     '0.0.3',
45 silly addNameRange     '0.0.4',
45 silly addNameRange     '0.0.5',
45 silly addNameRange     '0.1.0',
45 silly addNameRange     '0.1.1',
45 silly addNameRange     '0.1.2',
45 silly addNameRange     '0.1.3',
45 silly addNameRange     '0.1.4',
45 silly addNameRange     '0.1.5',
45 silly addNameRange     '0.2.0',
45 silly addNameRange     '0.2.1',
45 silly addNameRange     '0.2.2',
45 silly addNameRange     '0.2.3',
45 silly addNameRange     '0.2.4',
45 silly addNameRange     '0.2.5',
45 silly addNameRange     '0.2.6',
45 silly addNameRange     '0.2.7',
45 silly addNameRange     '0.2.8',
45 silly addNameRange     '0.2.9',
45 silly addNameRange     '0.2.10',
45 silly addNameRange     '0.2.11',
45 silly addNameRange     '0.3.0',
45 silly addNameRange     '0.3.1',
45 silly addNameRange     '0.3.2',
45 silly addNameRange     '0.3.3',
45 silly addNameRange     '0.3.4',
45 silly addNameRange     '0.3.5',
45 silly addNameRange     '0.3.6',
45 silly addNameRange     '0.3.7',
45 silly addNameRange     '0.4.0',
45 silly addNameRange     '0.4.1',
45 silly addNameRange     '0.4.2',
45 silly addNameRange     '0.4.3',
45 silly addNameRange     '0.4.4',
45 silly addNameRange     '0.4.5',
45 silly addNameRange     '0.4.6',
45 silly addNameRange     '0.4.7',
45 silly addNameRange     '0.4.8',
45 silly addNameRange     '0.4.9',
45 silly addNameRange     '0.4.10',
45 silly addNameRange     '0.4.11',
45 silly addNameRange     '0.4.12',
45 silly addNameRange     '0.4.13',
45 silly addNameRange     '0.4.14',
45 silly addNameRange     '0.4.15',
45 silly addNameRange     '0.5.0',
45 silly addNameRange     '0.5.1',
45 silly addNameRange     '0.5.2',
45 silly addNameRange     '1.0.0',
45 silly addNameRange     '1.1.0',
45 silly addNameRange     '1.1.1',
45 silly addNameRange     '1.1.2',
45 silly addNameRange     '1.1.3',
45 silly addNameRange     '1.1.4',
45 silly addNameRange     '1.2.0',
45 silly addNameRange     '1.2.1',
45 silly addNameRange     '1.2.2',
45 silly addNameRange     '1.2.3',
45 silly addNameRange     '1.2.4',
45 silly addNameRange     '1.2.5',
45 silly addNameRange     '1.2.6',
45 silly addNameRange     '1.2.7',
45 silly addNameRange     '1.2.8',
45 silly addNameRange     '1.2.9',
45 silly addNameRange     '1.3.0',
45 silly addNameRange     '1.4.0',
45 silly addNameRange     '1.4.1',
45 silly addNameRange     '1.4.2',
45 silly addNameRange     '1.4.3',
45 silly addNameRange     '1.4.4',
45 silly addNameRange     '1.4.5',
45 silly addNameRange     '1.4.6',
45 silly addNameRange     '1.4.7',
45 silly addNameRange     '1.4.8',
45 silly addNameRange     '1.5.0',
45 silly addNameRange     '1.6.0',
45 silly addNameRange     '1.6.1',
45 silly addNameRange     '1.7.0',
45 silly addNameRange     '1.7.1',
45 silly addNameRange     '1.7.2',
45 silly addNameRange     '1.7.3',
45 silly addNameRange     '1.7.4',
45 silly addNameRange     '1.7.5',
45 silly addNameRange     '1.7.6',
45 silly addNameRange     '1.7.7',
45 silly addNameRange     '1.8.0',
45 silly addNameRange     '1.8.1',
45 silly addNameRange     '1.8.2',
45 silly addNameRange     '1.8.3',
45 silly addNameRange     '1.9.0',
45 silly addNameRange     '1.9.1',
45 silly addNameRange     '1.9.2',
45 silly addNameRange     '1.9.3',
45 silly addNameRange     '1.9.4',
45 silly addNameRange     '1.10.0',
45 silly addNameRange     '1.10.1',
45 silly addNameRange     '1.10.2',
45 silly addNameRange     '1.10.3',
45 silly addNameRange     '1.10.4',
45 silly addNameRange     '1.10.5',
45 silly addNameRange     '1.10.6',
45 silly addNameRange     '1.10.7',
45 silly addNameRange     '1.10.8',
45 silly addNameRange     '1.10.9',
45 silly addNameRange     '1.10.11',
45 silly addNameRange     '1.10.12',
45 silly addNameRange     '1.10.13',
45 silly addNameRange     '1.10.14',
45 silly addNameRange     '1.10.15',
45 silly addNameRange     '1.10.16',
45 silly addNameRange     '1.10.17',
45 silly addNameRange     '1.11.0',
45 silly addNameRange     '1.11.1',
45 silly addNameRange     '1.12.0',
45 silly addNameRange     '1.12.1',
45 silly addNameRange     '1.12.2',
45 silly addNameRange     '1.12.3',
45 silly addNameRange     '1.13.0',
45 silly addNameRange     '1.13.1',
45 silly addNameRange     '1.13.2',
45 silly addNameRange     '1.13.3',
45 silly addNameRange     '1.13.4',
45 silly addNameRange     '1.13.5',
45 silly addNameRange     '1.13.6',
45 silly addNameRange     '1.13.8',
45 silly addNameRange     '1.13.9',
45 silly addNameRange     '1.13.10',
45 silly addNameRange     '1.14.0',
45 silly addNameRange     '1.14.1',
45 silly addNameRange     '1.14.2',
45 silly addNameRange     '1.14.3',
45 silly addNameRange     '1.14.4',
45 silly addNameRange     '1.14.5',
45 silly addNameRange     '1.15.0',
45 silly addNameRange     '1.15.1',
45 silly addNameRange     '1.15.2',
45 silly addNameRange     '1.15.3',
45 silly addNameRange     '1.15.4',
45 silly addNameRange     '1.15.5',
45 silly addNameRange     '1.15.6',
45 silly addNameRange     '1.16.0',
45 silly addNameRange     '1.16.1',
45 silly addNameRange     '1.16.2',
45 silly addNameRange     '1.16.3',
45 silly addNameRange     '1.16.4',
45 silly addNameRange     '1.16.5',
45 silly addNameRange     '1.16.6',
45 silly addNameRange     '1.16.7',
45 silly addNameRange     '1.16.8',
45 silly addNameRange     '1.17.0',
45 silly addNameRange     '1.17.1',
45 silly addNameRange     '1.17.2',
45 silly addNameRange     '1.17.3',
45 silly addNameRange     '1.18.0',
45 silly addNameRange     '2.0.0',
45 silly addNameRange     '2.0.1',
45 silly addNameRange     '2.1.0',
45 silly addNameRange     '2.2.0',
45 silly addNameRange     '2.2.1',
45 silly addNameRange     '2.2.2',
45 silly addNameRange     '2.2.3',
45 silly addNameRange     '2.2.4',
45 silly addNameRange     '2.2.5',
45 silly addNameRange     '2.2.6',
45 silly addNameRange     '2.3.0',
45 silly addNameRange     '2.3.1',
45 silly addNameRange     '2.4.0',
45 silly addNameRange     '2.4.1',
45 silly addNameRange     '2.4.2',
45 silly addNameRange     '2.4.3',
45 silly addNameRange     '2.5.0',
45 silly addNameRange     '2.5.1',
45 silly addNameRange     '2.6.0',
45 silly addNameRange     '2.6.1',
45 silly addNameRange     '2.7.0',
45 silly addNameRange     '2.7.1',
45 silly addNameRange     '2.7.2',
45 silly addNameRange     '2.7.3',
45 silly addNameRange     '2.7.4',
45 silly addNameRange     '2.8.0',
45 silly addNameRange     '2.8.1',
45 silly addNameRange     '2.9.0',
45 silly addNameRange     '2.10.0',
45 silly addNameRange     '2.10.1',
45 silly addNameRange     '2.10.2',
45 silly addNameRange     '2.11.0',
45 silly addNameRange     '2.12.0',
45 silly addNameRange     '2.12.1',
45 silly addNameRange     '2.12.2',
45 silly addNameRange     '2.12.3',
45 silly addNameRange     '2.12.4',
45 silly addNameRange     '2.12.5',
45 silly addNameRange     '2.13.0',
45 silly addNameRange     '2.13.1',
45 silly addNameRange     '2.13.2',
45 silly addNameRange     '2.13.3',
45 silly addNameRange     '2.14.0',
45 silly addNameRange     '2.14.1',
45 silly addNameRange     '2.14.2',
45 silly addNameRange     '2.15.0',
45 silly addNameRange     '2.16.0',
45 silly addNameRange     '2.17.0',
45 silly addNameRange     '2.17.1',
45 silly addNameRange     '2.17.2',
45 silly addNameRange     '2.17.3',
45 silly addNameRange     '2.17.4',
45 silly addNameRange     '2.18.0',
45 silly addNameRange     '2.18.1',
45 silly addNameRange     '2.19.0',
45 silly addNameRange     '2.20.0',
45 silly addNameRange     '2.20.1',
45 silly addNameRange     '2.20.2',
45 silly addNameRange     '2.21.0',
45 silly addNameRange     '2.22.0',
45 silly addNameRange     '2.23.0',
45 silly addNameRange     '2.23.1',
45 silly addNameRange     '2.24.0',
45 silly addNameRange     '2.24.1',
45 silly addNameRange     '2.24.2',
45 silly addNameRange     '2.24.3',
45 silly addNameRange     '2.25.0',
45 silly addNameRange     '2.25.1',
45 silly addNameRange     '2.26.0',
45 silly addNameRange     '2.27.0',
45 silly addNameRange     '2.27.1',
45 silly addNameRange     '2.28.0',
45 silly addNameRange     '2.29.0',
45 silly addNameRange     '2.29.1',
45 silly addNameRange     '2.30.0',
45 silly addNameRange     '2.31.0',
45 silly addNameRange     '2.32.0',
45 silly addNameRange     '2.32.1',
45 silly addNameRange     '2.32.2',
45 silly addNameRange     '2.32.3',
45 silly addNameRange     '2.32.4',
45 silly addNameRange     '2.33.0',
45 silly addNameRange     '2.33.1',
45 silly addNameRange     '2.34.0',
45 silly addNameRange     '2.34.1',
45 silly addNameRange     '2.34.2',
45 silly addNameRange     '2.34.3',
45 silly addNameRange     '2.35.0',
45 silly addNameRange     '2.35.1',
45 silly addNameRange     '2.35.2',
45 silly addNameRange     '2.35.3',
45 silly addNameRange     '2.35.4',
45 silly addNameRange     '2.36.0',
45 silly addNameRange     '2.36.1',
45 silly addNameRange     '3.0.0',
45 silly addNameRange     '3.1.0',
45 silly addNameRange     '3.1.1',
45 silly addNameRange     '3.1.2',
45 silly addNameRange     '3.1.3',
45 silly addNameRange     '3.2.0',
45 silly addNameRange     '3.2.1',
45 silly addNameRange     '3.2.2',
45 silly addNameRange     '3.3.0',
45 silly addNameRange     '3.4.0',
45 silly addNameRange     '3.4.1',
45 silly addNameRange     '3.5.0',
45 silly addNameRange     '3.6.0',
45 silly addNameRange     '3.7.0',
45 silly addNameRange     '3.8.0',
45 silly addNameRange     '3.8.1',
45 silly addNameRange     '3.9.0',
45 silly addNameRange     '3.9.1',
45 silly addNameRange     '3.10.0',
45 silly addNameRange     '3.11.0',
45 silly addNameRange     '3.11.1',
45 silly addNameRange     '3.12.0',
45 silly addNameRange     '3.13.0',
45 silly addNameRange     '3.14.0',
45 silly addNameRange     '3.14.1',
45 silly addNameRange     '3.16.0',
45 silly addNameRange     '3.16.1',
45 silly addNameRange     '3.17.0',
45 silly addNameRange     '3.18.0',
45 silly addNameRange     '3.19.0',
45 silly addNameRange     '3.19.1',
45 silly addNameRange     '3.20.0',
45 silly addNameRange     '3.20.1',
45 silly addNameRange     '3.20.2',
45 silly addNameRange     '3.21.0',
45 silly addNameRange     '3.21.1',
45 silly addNameRange     '3.22.0',
45 silly addNameRange     '3.22.1',
45 silly addNameRange     '3.23.0',
45 silly addNameRange     '3.23.1',
45 silly addNameRange     '3.24.0',
45 silly addNameRange     '3.24.1',
45 silly addNameRange     '3.24.2',
45 silly addNameRange     '3.24.3',
45 silly addNameRange     '3.24.4',
45 silly addNameRange     '3.24.5',
45 silly addNameRange     '3.24.6',
45 silly addNameRange     '3.24.7',
45 silly addNameRange     '3.24.8',
45 silly addNameRange     '3.24.9',
45 silly addNameRange     '3.24.10',
45 silly addNameRange     '3.24.11',
45 silly addNameRange     '3.24.13',
45 silly addNameRange     '3.25.0',
45 silly addNameRange     '3.25.1',
45 silly addNameRange     '3.25.2',
45 silly addNameRange     '3.26.0',
45 silly addNameRange     '3.27.0',
45 silly addNameRange     '3.27.1',
45 silly addNameRange     '3.28.0',
45 silly addNameRange     '3.28.1',
45 silly addNameRange     '3.28.2',
45 silly addNameRange     '3.29.0',
45 silly addNameRange     '3.29.1',
45 silly addNameRange     '3.30.0',
45 silly addNameRange     '3.30.1',
45 silly addNameRange     '3.30.2',
45 silly addNameRange     '3.30.3',
45 silly addNameRange     '3.30.4',
45 silly addNameRange     '3.31.0',
45 silly addNameRange     '3.31.1',
45 silly addNameRange     '3.31.2',
45 silly addNameRange     '3.32.0',
45 silly addNameRange     '3.32.1',
45 silly addNameRange     '3.33.0',
45 silly addNameRange     '3.33.1',
45 silly addNameRange     '3.34.0',
45 silly addNameRange     '3.35.0',
45 silly addNameRange     '3.36.0',
45 silly addNameRange     '3.36.1',
45 silly addNameRange     '3.37.0',
45 silly addNameRange     '3.37.1',
45 silly addNameRange     '3.37.2',
45 silly addNameRange     '3.38.0',
45 silly addNameRange     '3.38.1',
45 silly addNameRange     '3.39.0',
45 silly addNameRange     '3.40.0',
45 silly addNameRange     '3.40.1',
45 silly addNameRange     '3.40.2',
45 silly addNameRange     '3.40.3',
45 silly addNameRange     '3.40.4',
45 silly addNameRange     '3.41.0',
45 silly addNameRange     '3.42.0',
45 silly addNameRange     '3.43.0',
45 silly addNameRange     '3.44.0',
45 silly addNameRange     '3.44.1',
45 silly addNameRange     '3.44.2',
45 silly addNameRange     '3.45.0',
45 silly addNameRange     '3.46.0',
45 silly addNameRange     '3.46.1',
45 silly addNameRange     '4.0.0',
45 silly addNameRange     '4.1.0',
45 silly addNameRange     '4.1.1',
45 silly addNameRange     '4.1.2',
45 silly addNameRange     '4.1.3',
45 silly addNameRange     '4.1.4',
45 silly addNameRange     '4.1.5',
45 silly addNameRange     '4.1.6',
45 silly addNameRange     '4.1.7',
45 silly addNameRange     '4.1.8',
45 silly addNameRange     '4.1.9',
45 silly addNameRange     '4.1.10',
45 silly addNameRange     '4.1.11',
45 silly addNameRange     '4.2.0',
45 silly addNameRange     '4.2.1',
45 silly addNameRange     '4.2.2',
45 silly addNameRange     '4.2.3',
45 silly addNameRange     '5.0.0',
45 silly addNameRange     '5.0.1',
45 silly addNameRange     '5.0.2',
45 silly addNameRange     '5.0.3',
45 silly addNameRange     '5.0.4',
45 silly addNameRange     '5.0.5',
45 silly addNameRange     '5.0.6',
45 silly addNameRange     '5.0.7',
45 silly addNameRange     '5.0.8',
45 silly addNameRange     '5.1.0',
45 silly addNameRange     '5.1.1',
45 silly addNameRange     '5.2.0',
45 silly addNameRange     '5.2.1',
45 silly addNameRange     '5.3.0',
45 silly addNameRange     '5.4.0',
45 silly addNameRange     '5.4.1',
45 silly addNameRange     '5.4.2',
45 silly addNameRange     '5.5.0',
45 silly addNameRange     '5.6.0',
45 silly addNameRange     '5.6.1',
45 silly addNameRange     '5.7.0',
45 silly addNameRange     '5.8.0',
45 silly addNameRange     '5.9.0',
45 silly addNameRange     '5.9.1',
45 silly addNameRange     '5.9.2',
45 silly addNameRange     '5.9.3',
45 silly addNameRange     '5.10.0',
45 silly addNameRange     '5.10.1',
45 silly addNameRange     '5.11.0',
45 silly addNameRange     '5.11.1',
45 silly addNameRange     '5.11.2',
45 silly addNameRange     '5.12.0',
45 silly addNameRange     '5.12.1',
45 silly addNameRange     '5.12.2',
45 silly addNameRange     '5.13.0',
45 silly addNameRange     '5.13.1',
45 silly addNameRange     '6.0.0',
45 silly addNameRange     '6.0.1',
45 silly addNameRange     '6.0.2',
45 silly addNameRange     '6.0.3',
45 silly addNameRange     '6.1.0',
45 silly addNameRange     '6.1.1',
45 silly addNameRange     '6.1.2',
45 silly addNameRange     '6.2.0',
45 silly addNameRange     '6.3.0',
45 silly addNameRange     '6.3.1',
45 silly addNameRange     '6.3.2',
45 silly addNameRange     '6.3.3',
45 silly addNameRange     '6.3.4',
45 silly addNameRange     '7.0.0',
45 silly addNameRange     '7.0.1',
45 silly addNameRange     '7.0.2',
45 silly addNameRange     '7.0.3',
45 silly addNameRange     '7.1.0',
45 silly addNameRange     '8.0.0',
45 silly addNameRange     '8.0.1',
45 silly addNameRange     '8.0.2',
45 silly addNameRange     '8.0.3',
45 silly addNameRange     '8.1.0',
45 silly addNameRange     '8.1.1',
45 silly addNameRange     '8.1.2',
45 silly addNameRange     '8.1.3',
45 silly addNameRange     '9.0.0',
45 silly addNameRange     '9.0.1',
45 silly addNameRange     '9.0.2',
45 silly addNameRange     '9.0.3',
45 silly addNameRange     '9.0.4',
45 silly addNameRange     '9.0.5',
45 silly addNameRange     '9.0.6',
45 silly addNameRange     '9.0.7',
45 silly addNameRange     '9.0.8',
45 silly addNameRange     '10.0.0',
45 silly addNameRange     '10.1.0',
45 silly addNameRange     '10.1.1',
45 silly addNameRange     '10.1.2',
45 silly addNameRange     '10.1.3',
45 silly addNameRange     '10.2.0',
45 silly addNameRange     '10.2.1',
45 silly addNameRange     '10.2.3',
45 silly addNameRange     '10.2.4',
45 silly addNameRange     '10.2.5',
45 silly addNameRange     '10.2.6',
45 silly addNameRange     '11.0.0',
45 silly addNameRange     '11.0.1',
45 silly addNameRange     '11.1.0',
45 silly addNameRange     '11.2.0',
45 silly addNameRange     '12.0.0',
45 silly addNameRange     '12.0.1',
45 silly addNameRange     '12.0.2',
45 silly addNameRange     '13.0.0' ] ]
46 silly addNamed browserify@13.0.0
47 verbose addNamed "13.0.0" is a plain semver version for browserify
48 silly cache afterAdd browserify@13.0.0
49 verbose afterAdd /Users/james/.npm/browserify/13.0.0/package/package.json not in flight; writing
50 verbose afterAdd /Users/james/.npm/browserify/13.0.0/package/package.json written
51 http 304 https://registry.npmjs.org/beefy
52 verbose headers { date: 'Wed, 13 Jan 2016 15:29:51 GMT',
52 verbose headers   via: '1.1 varnish',
52 verbose headers   'cache-control': 'max-age=300',
52 verbose headers   etag: '"D8BO8G1N3B2S1V1ZL9CCD734B"',
52 verbose headers   age: '0',
52 verbose headers   connection: 'keep-alive',
52 verbose headers   'x-served-by': 'cache-iad2125-IAD',
52 verbose headers   'x-cache': 'HIT',
52 verbose headers   'x-cache-hits': '1',
52 verbose headers   'x-timer': 'S1452698991.122397,VS0,VE94',
52 verbose headers   vary: 'Accept' }
53 silly get cb [ 304,
53 silly get   { date: 'Wed, 13 Jan 2016 15:29:51 GMT',
53 silly get     via: '1.1 varnish',
53 silly get     'cache-control': 'max-age=300',
53 silly get     etag: '"D8BO8G1N3B2S1V1ZL9CCD734B"',
53 silly get     age: '0',
53 silly get     connection: 'keep-alive',
53 silly get     'x-served-by': 'cache-iad2125-IAD',
53 silly get     'x-cache': 'HIT',
53 silly get     'x-cache-hits': '1',
53 silly get     'x-timer': 'S1452698991.122397,VS0,VE94',
53 silly get     vary: 'Accept' } ]
54 verbose etag https://registry.npmjs.org/beefy from cache
55 verbose get saving beefy to /Users/james/.npm/registry.npmjs.org/beefy/.cache.json
56 silly addNameRange number 2 { name: 'beefy', range: '*', hasData: true }
57 silly addNameRange versions [ 'beefy',
57 silly addNameRange   [ '0.0.11',
57 silly addNameRange     '0.1.0',
57 silly addNameRange     '0.1.1',
57 silly addNameRange     '0.2.0',
57 silly addNameRange     '0.2.1',
57 silly addNameRange     '0.3.0',
57 silly addNameRange     '0.3.1',
57 silly addNameRange     '0.4.0',
57 silly addNameRange     '0.4.1',
57 silly addNameRange     '0.4.2',
57 silly addNameRange     '0.4.3',
57 silly addNameRange     '0.4.4',
57 silly addNameRange     '0.4.5',
57 silly addNameRange     '0.5.0',
57 silly addNameRange     '0.5.1',
57 silly addNameRange     '0.6.0',
57 silly addNameRange     '0.7.0',
57 silly addNameRange     '0.7.1',
57 silly addNameRange     '1.0.0',
57 silly addNameRange     '1.1.0',
57 silly addNameRange     '2.0.0',
57 silly addNameRange     '2.0.1',
57 silly addNameRange     '2.0.2',
57 silly addNameRange     '2.0.3',
57 silly addNameRange     '2.1.0',
57 silly addNameRange     '2.1.1',
57 silly addNameRange     '2.1.2',
57 silly addNameRange     '2.1.3',
57 silly addNameRange     '2.1.4',
57 silly addNameRange     '2.1.5' ] ]
58 silly addNamed beefy@2.1.5
59 verbose addNamed "2.1.5" is a plain semver version for beefy
60 silly cache afterAdd beefy@2.1.5
61 verbose afterAdd /Users/james/.npm/beefy/2.1.5/package/package.json not in flight; writing
62 verbose afterAdd /Users/james/.npm/beefy/2.1.5/package/package.json written
63 silly install resolved [ { name: 'browserify',
63 silly install resolved     version: '13.0.0',
63 silly install resolved     description: 'browser-side require() the node way',
63 silly install resolved     main: 'index.js',
63 silly install resolved     bin: { browserify: 'bin/cmd.js' },
63 silly install resolved     repository:
63 silly install resolved      { type: 'git',
63 silly install resolved        url: 'git+ssh://git@github.com/substack/node-browserify.git' },
63 silly install resolved     keywords:
63 silly install resolved      [ 'browser',
63 silly install resolved        'require',
63 silly install resolved        'commonjs',
63 silly install resolved        'commonj-esque',
63 silly install resolved        'bundle',
63 silly install resolved        'npm',
63 silly install resolved        'javascript' ],
63 silly install resolved     dependencies:
63 silly install resolved      { JSONStream: '^1.0.3',
63 silly install resolved        assert: '~1.3.0',
63 silly install resolved        'browser-pack': '^6.0.1',
63 silly install resolved        'browser-resolve': '^1.11.0',
63 silly install resolved        'browserify-zlib': '~0.1.2',
63 silly install resolved        buffer: '^4.1.0',
63 silly install resolved        'concat-stream': '~1.5.1',
63 silly install resolved        'console-browserify': '^1.1.0',
63 silly install resolved        'constants-browserify': '~1.0.0',
63 silly install resolved        'crypto-browserify': '^3.0.0',
63 silly install resolved        defined: '^1.0.0',
63 silly install resolved        'deps-sort': '^2.0.0',
63 silly install resolved        'domain-browser': '~1.1.0',
63 silly install resolved        duplexer2: '~0.1.2',
63 silly install resolved        events: '~1.1.0',
63 silly install resolved        glob: '^5.0.15',
63 silly install resolved        has: '^1.0.0',
63 silly install resolved        htmlescape: '^1.1.0',
63 silly install resolved        'stream-http': '^2.0.0',
63 silly install resolved        'https-browserify': '~0.0.0',
63 silly install resolved        inherits: '~2.0.1',
63 silly install resolved        'insert-module-globals': '^7.0.0',
63 silly install resolved        isarray: '0.0.1',
63 silly install resolved        'labeled-stream-splicer': '^2.0.0',
63 silly install resolved        'module-deps': '^4.0.2',
63 silly install resolved        'os-browserify': '~0.1.1',
63 silly install resolved        parents: '^1.0.1',
63 silly install resolved        'path-browserify': '~0.0.0',
63 silly install resolved        process: '~0.11.0',
63 silly install resolved        punycode: '^1.3.2',
63 silly install resolved        'querystring-es3': '~0.2.0',
63 silly install resolved        'read-only-stream': '^2.0.0',
63 silly install resolved        'readable-stream': '^2.0.2',
63 silly install resolved        resolve: '^1.1.4',
63 silly install resolved        shasum: '^1.0.0',
63 silly install resolved        'shell-quote': '^1.4.3',
63 silly install resolved        'stream-browserify': '^2.0.0',
63 silly install resolved        string_decoder: '~0.10.0',
63 silly install resolved        subarg: '^1.0.0',
63 silly install resolved        'syntax-error': '^1.1.1',
63 silly install resolved        through2: '^2.0.0',
63 silly install resolved        'timers-browserify': '^1.0.1',
63 silly install resolved        'tty-browserify': '~0.0.0',
63 silly install resolved        url: '~0.11.0',
63 silly install resolved        util: '~0.10.1',
63 silly install resolved        'vm-browserify': '~0.0.1',
63 silly install resolved        xtend: '^4.0.0' },
63 silly install resolved     devDependencies:
63 silly install resolved      { backbone: '~0.9.2',
63 silly install resolved        'browser-unpack': '^1.1.1',
63 silly install resolved        'coffee-script': '~1.10.0',
63 silly install resolved        coffeeify: '~1.1.0',
63 silly install resolved        es6ify: '~0.4.8',
63 silly install resolved        isstream: '^0.1.2',
63 silly install resolved        seq: '0.3.5',
63 silly install resolved        tap: '^2.2.0',
63 silly install resolved        temp: '^0.8.1',
63 silly install resolved        through: '^2.3.4' },
63 silly install resolved     author:
63 silly install resolved      { name: 'James Halliday',
63 silly install resolved        email: 'mail@substack.net',
63 silly install resolved        url: 'http://substack.net' },
63 silly install resolved     scripts: { test: 'tap test/*.js' },
63 silly install resolved     license: 'MIT',
63 silly install resolved     gitHead: '5b82a2f1bc061cb47ff4aa7c702ed79fc20effa8',
63 silly install resolved     bugs: { url: 'https://github.com/substack/node-browserify/issues' },
63 silly install resolved     homepage: 'https://github.com/substack/node-browserify#readme',
63 silly install resolved     _id: 'browserify@13.0.0',
63 silly install resolved     _shasum: '8f223bb24ff4ee4335e6bea9671de294e43ba6a3',
63 silly install resolved     _from: 'browserify@*',
63 silly install resolved     _npmVersion: '2.14.7',
63 silly install resolved     _nodeVersion: '4.2.3',
63 silly install resolved     _npmUser: { name: 'feross', email: 'feross@feross.org' },
63 silly install resolved     dist:
63 silly install resolved      { shasum: '8f223bb24ff4ee4335e6bea9671de294e43ba6a3',
63 silly install resolved        tarball: 'http://registry.npmjs.org/browserify/-/browserify-13.0.0.tgz' },
63 silly install resolved     maintainers:
63 silly install resolved      [ [Object],
63 silly install resolved        [Object],
63 silly install resolved        [Object],
63 silly install resolved        [Object],
63 silly install resolved        [Object],
63 silly install resolved        [Object],
63 silly install resolved        [Object],
63 silly install resolved        [Object],
63 silly install resolved        [Object],
63 silly install resolved        [Object],
63 silly install resolved        [Object] ],
63 silly install resolved     directories: {},
63 silly install resolved     _resolved: 'https://registry.npmjs.org/browserify/-/browserify-13.0.0.tgz',
63 silly install resolved     readme: 'ERROR: No README data found!' },
63 silly install resolved   { name: 'beefy',
63 silly install resolved     version: '2.1.5',
63 silly install resolved     description: 'local development server that aims to make using browserify fast and fun',
63 silly install resolved     main: 'index.js',
63 silly install resolved     repository:
63 silly install resolved      { type: 'git',
63 silly install resolved        url: 'git://github.com/chrisdickinson/beefy.git' },
63 silly install resolved     scripts:
63 silly install resolved      { test: 'node test',
63 silly install resolved        'test-cov': 'istanbul cover test/index.js' },
63 silly install resolved     keywords: [ 'simplehttpserver', 'browserify' ],
63 silly install resolved     author: { name: 'Chris Dickinson', email: 'chris@neversaw.us' },
63 silly install resolved     license: 'MIT',
63 silly install resolved     dependencies:
63 silly install resolved      { ansicolors: '~0.3.2',
63 silly install resolved        chokidar: '^1.0.0',
63 silly install resolved        'concat-stream': '^1.4.3',
63 silly install resolved        'find-global-packages': '0.0.1',
63 silly install resolved        ignorepatterns: '^1.0.1',
63 silly install resolved        leftpad: '0.0.0',
63 silly install resolved        mime: '~1.2.9',
63 silly install resolved        minimist: '0.0.8',
63 silly install resolved        open: '0.0.3',
63 silly install resolved        portfinder: '~0.2.1',
63 silly install resolved        'pretty-bytes': '~0.1.0',
63 silly install resolved        'readable-stream': '^1.0.27-1',
63 silly install resolved        resolve: '^0.6.1',
63 silly install resolved        'response-stream': '0.0.0',
63 silly install resolved        'script-injector': '~1.0.0',
63 silly install resolved        through: '~2.2.0',
63 silly install resolved        which: '~1.0.5',
63 silly install resolved        xtend: '~2.1.2' },
63 silly install resolved     bin: { beefy: './bin/beefy' },
63 silly install resolved     devDependencies:
63 silly install resolved      { tape: '~2.10.2',
63 silly install resolved        watchify: '^0.10.2',
63 silly install resolved        browserify: '^3.32.1',
63 silly install resolved        touch: '0.0.3',
63 silly install resolved        mock: '^0.1.1',
63 silly install resolved        dotpathlookup: '0.0.1',
63 silly install resolved        jsl: '^0.1.3',
63 silly install resolved        istanbul: '^0.2.8' },
63 silly install resolved     gitHead: 'cc4bfd243897b4cfb47e91e06841e529a15b0c66',
63 silly install resolved     bugs: { url: 'https://github.com/chrisdickinson/beefy/issues' },
63 silly install resolved     homepage: 'https://github.com/chrisdickinson/beefy',
63 silly install resolved     _id: 'beefy@2.1.5',
63 silly install resolved     _shasum: '4d89720890f75dfb5aefdd6db984482700d3d4cf',
63 silly install resolved     _from: 'beefy@*',
63 silly install resolved     _npmVersion: '2.7.4',
63 silly install resolved     _nodeVersion: '1.6.3',
63 silly install resolved     _npmUser: { name: 'dlmanning', email: 'dlmanning@me.com' },
63 silly install resolved     maintainers: [ [Object], [Object] ],
63 silly install resolved     dist:
63 silly install resolved      { shasum: '4d89720890f75dfb5aefdd6db984482700d3d4cf',
63 silly install resolved        tarball: 'http://registry.npmjs.org/beefy/-/beefy-2.1.5.tgz' },
63 silly install resolved     directories: {},
63 silly install resolved     _resolved: 'https://registry.npmjs.org/beefy/-/beefy-2.1.5.tgz',
63 silly install resolved     readme: 'ERROR: No README data found!' } ]
64 info install browserify@13.0.0 into /usr/local/lib
65 info install beefy@2.1.5 into /usr/local/lib
66 info installOne browserify@13.0.0
67 verbose installOne of browserify to /usr/local/lib not in flight; installing
68 info installOne beefy@2.1.5
69 verbose installOne of beefy to /usr/local/lib not in flight; installing
70 verbose lock using /Users/james/.npm/_locks/browserify-361ec04d0c7090cb.lock for /usr/local/lib/node_modules/browserify
71 verbose lock using /Users/james/.npm/_locks/beefy-5c3f729b7ec3b55a.lock for /usr/local/lib/node_modules/beefy
72 silly install write writing browserify 13.0.0 to /usr/local/lib/node_modules/browserify
73 silly install write writing beefy 2.1.5 to /usr/local/lib/node_modules/beefy
74 verbose unbuild lib/node_modules/browserify
75 verbose unbuild lib/node_modules/beefy
76 silly gentlyRm /usr/local/lib/node_modules/browserify is being purged from base /usr/local
77 verbose gentlyRm don't care about contents; nuking /usr/local/lib/node_modules/browserify
78 silly gentlyRm /usr/local/lib/node_modules/beefy is being purged from base /usr/local
79 verbose gentlyRm don't care about contents; nuking /usr/local/lib/node_modules/beefy
80 verbose tar unpack /Users/james/.npm/browserify/13.0.0/package.tgz
81 verbose tar unpacking to /usr/local/lib/node_modules/browserify
82 silly gentlyRm /usr/local/lib/node_modules/browserify is being purged
83 verbose gentlyRm don't care about contents; nuking /usr/local/lib/node_modules/browserify
84 verbose tar unpack /Users/james/.npm/beefy/2.1.5/package.tgz
85 verbose tar unpacking to /usr/local/lib/node_modules/beefy
86 silly gentlyRm /usr/local/lib/node_modules/beefy is being purged
87 verbose gentlyRm don't care about contents; nuking /usr/local/lib/node_modules/beefy
88 silly gunzTarPerm modes [ '755', '644' ]
89 silly gunzTarPerm modes [ '755', '644' ]
90 error tar.unpack untar error /Users/james/.npm/browserify/13.0.0/package.tgz
91 error tar.unpack untar error /Users/james/.npm/beefy/2.1.5/package.tgz
92 verbose unlock done using /Users/james/.npm/_locks/browserify-361ec04d0c7090cb.lock for /usr/local/lib/node_modules/browserify
93 verbose unlock done using /Users/james/.npm/_locks/beefy-5c3f729b7ec3b55a.lock for /usr/local/lib/node_modules/beefy
94 verbose fstream_path /usr/local/lib/node_modules/browserify
95 verbose fstream_type Directory
96 verbose fstream_class DirWriter
97 verbose stack Error: EACCES: permission denied, mkdir '/usr/local/lib/node_modules/browserify'
97 verbose stack     at Error (native)
98 verbose fstream_stack /usr/local/lib/node_modules/npm/node_modules/fstream/lib/dir-writer.js:35:25
98 verbose fstream_stack /usr/local/lib/node_modules/npm/node_modules/mkdirp/index.js:47:53
98 verbose fstream_stack FSReqWrap.oncomplete (fs.js:82:15)
99 verbose cwd /Users/james/Desktop/canvas-stable-wave/js
100 error Darwin 15.0.0
101 error argv "/usr/local/bin/node" "/usr/local/bin/npm" "install" "beefy" "browserify" "-g"
102 error node v4.2.1
103 error npm  v2.14.7
104 error path /usr/local/lib/node_modules/browserify
105 error code EACCES
106 error errno -13
107 error syscall mkdir
108 error Error: EACCES: permission denied, mkdir '/usr/local/lib/node_modules/browserify'
108 error     at Error (native)
108 error  { [Error: EACCES: permission denied, mkdir '/usr/local/lib/node_modules/browserify']
108 error   errno: -13,
108 error   code: 'EACCES',
108 error   syscall: 'mkdir',
108 error   path: '/usr/local/lib/node_modules/browserify',
108 error   fstream_type: 'Directory',
108 error   fstream_path: '/usr/local/lib/node_modules/browserify',
108 error   fstream_class: 'DirWriter',
108 error   fstream_stack:
108 error    [ '/usr/local/lib/node_modules/npm/node_modules/fstream/lib/dir-writer.js:35:25',
108 error      '/usr/local/lib/node_modules/npm/node_modules/mkdirp/index.js:47:53',
108 error      'FSReqWrap.oncomplete (fs.js:82:15)' ] }
109 error Please try running this command again as root/Administrator.
110 verbose exit [ -13, true ]
111 verbose unbuild lib/node_modules/browserify
112 silly gentlyRm /usr/local/lib/node_modules/browserify is being purged from base /usr/local
113 verbose gentlyRm don't care about contents; nuking /usr/local/lib/node_modules/browserify
114 verbose unbuild lib/node_modules/beefy
115 silly gentlyRm /usr/local/lib/node_modules/beefy is being purged from base /usr/local
116 verbose gentlyRm don't care about contents; nuking /usr/local/lib/node_modules/beefy
